0 info it worked if it ends with ok
1 verbose cli [ '/usr/local/bin/node',
1 verbose cli   '/usr/local/bin/npm',
1 verbose cli   'install',
1 verbose cli   '-g',
1 verbose cli   'bootlint' ]
2 info using npm@2.15.9
3 info using node@v4.5.0
4 verbose install initial load of /usr/local/lib/package.json
5 verbose readDependencies loading dependencies from /usr/local/lib/package.json
6 silly cache add args [ 'bootlint', null ]
7 verbose cache add spec bootlint
8 silly cache add parsed spec Result {
8 silly cache add   raw: 'bootlint',
8 silly cache add   scope: null,
8 silly cache add   name: 'bootlint',
8 silly cache add   rawSpec: '',
8 silly cache add   spec: 'latest',
8 silly cache add   type: 'tag' }
9 silly addNamed bootlint@latest
10 verbose addNamed "latest" is being treated as a dist-tag for bootlint
11 info addNameTag [ 'bootlint', 'latest' ]
12 silly mapToRegistry name bootlint
13 silly mapToRegistry using default registry
14 silly mapToRegistry registry https://registry.npmjs.org/
15 silly mapToRegistry data Result {
15 silly mapToRegistry   raw: 'bootlint',
15 silly mapToRegistry   scope: null,
15 silly mapToRegistry   name: 'bootlint',
15 silly mapToRegistry   rawSpec: '',
15 silly mapToRegistry   spec: 'latest',
15 silly mapToRegistry   type: 'tag' }
16 silly mapToRegistry uri https://registry.npmjs.org/bootlint
17 verbose addNameTag registry:https://registry.npmjs.org/bootlint not in flight; fetching
18 verbose request uri https://registry.npmjs.org/bootlint
19 verbose request no auth needed
20 info attempt registry request try #1 at 10:39:51 PM
21 verbose request id 9b95b8e6e93f744d
22 http request GET https://registry.npmjs.org/bootlint
23 http 200 https://registry.npmjs.org/bootlint
24 verbose headers { server: 'CouchDB/1.5.0 (Erlang OTP/R16B03)',
24 verbose headers   etag: '"37DRIG9E3NF6O0T38YGVCGLK2"',
24 verbose headers   'content-type': 'application/json',
24 verbose headers   'content-encoding': 'gzip',
24 verbose headers   'cache-control': 'max-age=300',
24 verbose headers   'content-length': '9910',
24 verbose headers   'accept-ranges': 'bytes',
24 verbose headers   date: 'Thu, 29 Sep 2016 02:39:51 GMT',
24 verbose headers   via: '1.1 varnish',
24 verbose headers   age: '0',
24 verbose headers   connection: 'keep-alive',
24 verbose headers   'x-served-by': 'cache-jfk8146-JFK',
24 verbose headers   'x-cache': 'MISS',
24 verbose headers   'x-cache-hits': '0',
24 verbose headers   'x-timer': 'S1475116791.651166,VS0,VE38',
24 verbose headers   vary: 'Accept-Encoding' }
25 silly get cb [ 200,
25 silly get   { server: 'CouchDB/1.5.0 (Erlang OTP/R16B03)',
25 silly get     etag: '"37DRIG9E3NF6O0T38YGVCGLK2"',
25 silly get     'content-type': 'application/json',
25 silly get     'content-encoding': 'gzip',
25 silly get     'cache-control': 'max-age=300',
25 silly get     'content-length': '9910',
25 silly get     'accept-ranges': 'bytes',
25 silly get     date: 'Thu, 29 Sep 2016 02:39:51 GMT',
25 silly get     via: '1.1 varnish',
25 silly get     age: '0',
25 silly get     connection: 'keep-alive',
25 silly get     'x-served-by': 'cache-jfk8146-JFK',
25 silly get     'x-cache': 'MISS',
25 silly get     'x-cache-hits': '0',
25 silly get     'x-timer': 'S1475116791.651166,VS0,VE38',
25 silly get     vary: 'Accept-Encoding' } ]
26 verbose get saving bootlint to /Users/acaccavaro/.npm/registry.npmjs.org/bootlint/.cache.json
27 verbose correctMkdir /Users/acaccavaro/.npm correctMkdir not in flight; initializing
28 silly addNameTag next cb for bootlint with tag latest
29 silly addNamed bootlint@0.14.2
30 verbose addNamed "0.14.2" is a plain semver version for bootlint
31 silly mapToRegistry name bootlint
32 silly mapToRegistry using default registry
33 silly mapToRegistry registry https://registry.npmjs.org/
34 silly mapToRegistry data Result {
34 silly mapToRegistry   raw: 'bootlint',
34 silly mapToRegistry   scope: null,
34 silly mapToRegistry   name: 'bootlint',
34 silly mapToRegistry   rawSpec: '',
34 silly mapToRegistry   spec: 'latest',
34 silly mapToRegistry   type: 'tag' }
35 silly mapToRegistry uri https://registry.npmjs.org/bootlint
36 verbose addRemoteTarball https://registry.npmjs.org/bootlint/-/bootlint-0.14.2.tgz not in flight; adding
37 verbose addRemoteTarball [ 'https://registry.npmjs.org/bootlint/-/bootlint-0.14.2.tgz',
37 verbose addRemoteTarball   'c04c373d65dfd0a4d0df7c2dbb3e29a6e150cb70' ]
38 info retry fetch attempt 1 at 10:39:51 PM
39 info attempt registry request try #1 at 10:39:51 PM
40 http fetch GET https://registry.npmjs.org/bootlint/-/bootlint-0.14.2.tgz
41 http fetch 200 https://registry.npmjs.org/bootlint/-/bootlint-0.14.2.tgz
42 silly fetchAndShaCheck shasum c04c373d65dfd0a4d0df7c2dbb3e29a6e150cb70
43 verbose addTmpTarball /var/folders/yx/r_m7t62d4_vg77xjyrr3f2q80000gn/T/npm-12904-b867de66/registry.npmjs.org/bootlint/-/bootlint-0.14.2.tgz not in flight; adding
44 verbose addTmpTarball already have metadata; skipping unpack for bootlint@0.14.2
45 verbose correctMkdir /Users/acaccavaro/.npm correctMkdir not in flight; initializing
46 silly cache afterAdd bootlint@0.14.2
47 verbose afterAdd /Users/acaccavaro/.npm/bootlint/0.14.2/package/package.json not in flight; writing
48 verbose correctMkdir /Users/acaccavaro/.npm correctMkdir not in flight; initializing
49 verbose afterAdd /Users/acaccavaro/.npm/bootlint/0.14.2/package/package.json written
50 silly install resolved [ { name: 'bootlint',
50 silly install resolved     version: '0.14.2',
50 silly install resolved     description: 'HTML linter for Bootstrap projects',
50 silly install resolved     keywords:
50 silly install resolved      [ 'bootstrap',
50 silly install resolved        'checker',
50 silly install resolved        'correctness',
50 silly install resolved        'html',
50 silly install resolved        'lint',
50 silly install resolved        'linter',
50 silly install resolved        'validator',
50 silly install resolved        'validity' ],
50 silly install resolved     homepage: 'https://github.com/twbs/bootlint',
50 silly install resolved     bugs: { url: 'https://github.com/twbs/bootlint/issues' },
50 silly install resolved     author:
50 silly install resolved      { name: 'Chris Rebert',
50 silly install resolved        email: 'code@rebertia.com',
50 silly install resolved        url: 'http://chrisrebert.com' },
50 silly install resolved     contributors: [ [Object] ],
50 silly install resolved     repository: { type: 'git', url: 'git+https://github.com/twbs/bootlint.git' },
50 silly install resolved     license: 'MIT',
50 silly install resolved     devDependencies:
50 silly install resolved      { coveralls: '^2.11.2',
50 silly install resolved        grunt: '^0.4.5',
50 silly install resolved        'grunt-banner': '^0.6.0',
50 silly install resolved        'grunt-browserify': '^4.0.1',
50 silly install resolved        'grunt-contrib-clean': '^0.7.0',
50 silly install resolved        'grunt-contrib-jshint': '^0.11.0',
50 silly install resolved        'grunt-contrib-nodeunit': '^0.4.1',
50 silly install resolved        'grunt-contrib-qunit': '^0.7.0',
50 silly install resolved        'grunt-contrib-watch': '^0.6.1',
50 silly install resolved        'grunt-eslint': '^10.0.0',
50 silly install resolved        'grunt-exec': '^0.4.6',
50 silly install resolved        'grunt-jscs': '^1.5.0',
50 silly install resolved        jquery: '~2.1.3',
50 silly install resolved        jscoverage: '^0.6.0',
50 silly install resolved        'jscs-jsdoc': '^0.4.5',
50 silly install resolved        'load-grunt-tasks': '^3.1.0',
50 silly install resolved        nodeunit: '^0.9.0',
50 silly install resolved        'npm-shrinkwrap': '^200.1.0',
50 silly install resolved        rewire: '^2.3.1',
50 silly install resolved        sinon: '^1.12.2',
50 silly install resolved        'time-grunt': '^1.0.0' },
50 silly install resolved     dependencies:
50 silly install resolved      { 'binary-search': '^1.2.0',
50 silly install resolved        bluebird: '^3.0.5',
50 silly install resolved        'body-parser': '^1.14.1',
50 silly install resolved        chalk: '^1.1.1',
50 silly install resolved        cheerio: '^0.19.0',
50 silly install resolved        commander: '^2.9.0',
50 silly install resolved        debug: '^2.1.1',
50 silly install resolved        express: '^4.11.2',
50 silly install resolved        glob: '^6.0.1',
50 silly install resolved        morgan: '^1.5.1',
50 silly install resolved        semver: '^5.0.3',
50 silly install resolved        'void-elements': '^2.0.1' },
50 silly install resolved     main: './src/bootlint.js',
50 silly install resolved     bin: { bootlint: './src/cli-main.js' },
50 silly install resolved     browser:
50 silly install resolved      { 'binary-search': false,
50 silly install resolved        cheerio: 'jquery',
50 silly install resolved        url: './src/url.js',
50 silly install resolved        './src/cli.js': false,
50 silly install resolved        './src/cli-main.js': false,
50 silly install resolved        './src/location.js': false },
50 silly install resolved     files: [ 'bin', 'dist', 'src', 'app.js', 'LICENSE' ],
50 silly install resolved     scripts:
50 silly install resolved      { test: 'grunt test',
50 silly install resolved        coveralls: 'jscoverage src && BOOTLINT_COV=1 nodeunit --reporter=lcov test | coveralls',
50 silly install resolved        start: './bin/www' },
50 silly install resolved     gitHead: '2355c9a7a735b9f375840855445b258c4201ff12',
50 silly install resolved     _id: 'bootlint@0.14.2',
50 silly install resolved     _shasum: 'c04c373d65dfd0a4d0df7c2dbb3e29a6e150cb70',
50 silly install resolved     _from: 'bootlint@latest',
50 silly install resolved     _npmVersion: '3.3.12',
50 silly install resolved     _nodeVersion: '5.1.0',
50 silly install resolved     _npmUser: { name: 'cvrebert', email: 'npm@rebertia.com' },
50 silly install resolved     maintainers: [ [Object], [Object], [Object] ],
50 silly install resolved     dist:
50 silly install resolved      { shasum: 'c04c373d65dfd0a4d0df7c2dbb3e29a6e150cb70',
50 silly install resolved        tarball: 'https://registry.npmjs.org/bootlint/-/bootlint-0.14.2.tgz' },
50 silly install resolved     directories: {},
50 silly install resolved     _resolved: 'https://registry.npmjs.org/bootlint/-/bootlint-0.14.2.tgz' } ]
51 info install bootlint@0.14.2 into /usr/local/lib
52 info installOne bootlint@0.14.2
53 verbose installOne of bootlint to /usr/local/lib not in flight; installing
54 verbose correctMkdir /Users/acaccavaro/.npm/_locks correctMkdir not in flight; initializing
55 verbose lock using /Users/acaccavaro/.npm/_locks/bootlint-dfa548741c9fed92.lock for /usr/local/lib/node_modules/bootlint
56 silly install write writing bootlint 0.14.2 to /usr/local/lib/node_modules/bootlint
57 verbose unbuild lib/node_modules/bootlint
58 silly gentlyRm /usr/local/lib/node_modules/bootlint is being purged from base /usr/local
59 verbose gentlyRm don't care about contents; nuking /usr/local/lib/node_modules/bootlint
60 verbose tar unpack /Users/acaccavaro/.npm/bootlint/0.14.2/package.tgz
61 verbose tar unpacking to /usr/local/lib/node_modules/bootlint
62 silly gentlyRm /usr/local/lib/node_modules/bootlint is being purged
63 verbose gentlyRm don't care about contents; nuking /usr/local/lib/node_modules/bootlint
64 silly gunzTarPerm modes [ '755', '644' ]
65 error tar.unpack untar error /Users/acaccavaro/.npm/bootlint/0.14.2/package.tgz
66 verbose unlock done using /Users/acaccavaro/.npm/_locks/bootlint-dfa548741c9fed92.lock for /usr/local/lib/node_modules/bootlint
67 verbose fstream_path /usr/local/lib/node_modules/bootlint
68 verbose fstream_type Directory
69 verbose fstream_class DirWriter
70 verbose stack Error: EACCES: permission denied, mkdir '/usr/local/lib/node_modules/bootlint'
70 verbose stack     at Error (native)
71 verbose fstream_stack /usr/local/lib/node_modules/npm/node_modules/fstream/lib/dir-writer.js:35:25
71 verbose fstream_stack /usr/local/lib/node_modules/npm/node_modules/mkdirp/index.js:47:53
71 verbose fstream_stack FSReqWrap.oncomplete (fs.js:82:15)
72 verbose cwd /Users/acaccavaro/Desktop/CS326/Workshop3
73 error Darwin 14.5.0
74 error argv "/usr/local/bin/node" "/usr/local/bin/npm" "install" "-g" "bootlint"
75 error node v4.5.0
76 error npm  v2.15.9
77 error path /usr/local/lib/node_modules/bootlint
78 error code EACCES
79 error errno -13
80 error syscall mkdir
81 error Error: EACCES: permission denied, mkdir '/usr/local/lib/node_modules/bootlint'
81 error     at Error (native)
81 error  { [Error: EACCES: permission denied, mkdir '/usr/local/lib/node_modules/bootlint']
81 error   errno: -13,
81 error   code: 'EACCES',
81 error   syscall: 'mkdir',
81 error   path: '/usr/local/lib/node_modules/bootlint',
81 error   fstream_type: 'Directory',
81 error   fstream_path: '/usr/local/lib/node_modules/bootlint',
81 error   fstream_class: 'DirWriter',
81 error   fstream_stack:
81 error    [ '/usr/local/lib/node_modules/npm/node_modules/fstream/lib/dir-writer.js:35:25',
81 error      '/usr/local/lib/node_modules/npm/node_modules/mkdirp/index.js:47:53',
81 error      'FSReqWrap.oncomplete (fs.js:82:15)' ] }
82 error Please try running this command again as root/Administrator.
83 verbose exit [ -13, true ]
84 verbose unbuild lib/node_modules/bootlint
85 silly gentlyRm /usr/local/lib/node_modules/bootlint is being purged from base /usr/local
86 verbose gentlyRm don't care about contents; nuking /usr/local/lib/node_modules/bootlint
